2019-10-20 13:10:11,831 INFO - root - Initialising application
2019-10-20 13:10:11,846 INFO - root - Initialise global hotkeys
2019-10-20 13:10:11,846 INFO - config-manager - Loading config from existing file: /home/jhonathas/.config/autokey/autokey.json
2019-10-20 13:10:11,849 INFO - config-manager - Configuration changed - rebuilding in-memory structures
2019-10-20 13:10:11,850 INFO - config-manager - Successfully loaded configuration
2019-10-20 13:10:11,850 INFO - service - Starting service
2019-10-20 13:10:12,072 INFO - interface - XRecord interface thread starting
2019-10-20 13:10:12,073 INFO - service - Service now marked as running
2019-10-20 13:10:12,196 INFO - root - Entering main()
2019-10-20 13:11:24,373 INFO - service - Matched hotkey phrase/script with prompt=False
2019-10-20 13:11:24,582 INFO - service - Matched hotkey phrase/script with prompt=False
2019-10-20 13:11:26,030 INFO - service - Matched hotkey phrase/script with prompt=False
2019-10-20 13:11:28,918 INFO - service - Matched hotkey phrase/script with prompt=False
2019-10-20 13:11:34,334 INFO - service - Matched hotkey phrase/script with prompt=False
2019-10-20 13:11:35,446 INFO - service - Matched hotkey phrase/script with prompt=False
2019-10-20 13:12:05,677 INFO - service - Matched hotkey phrase/script with prompt=False
2019-10-20 13:12:05,854 INFO - service - Matched hotkey phrase/script with prompt=False
2019-10-20 13:12:07,876 INFO - service - Matched hotkey phrase/script with prompt=False
2019-10-20 13:14:15,832 INFO - service - Matched hotkey phrase/script with prompt=False
2019-10-20 13:14:48,176 INFO - service - Matched hotkey phrase/script with prompt=False
2019-10-20 13:15:13,058 INFO - service - Matched hotkey phrase/script with prompt=False
2019-10-20 13:15:13,274 INFO - service - Matched hotkey phrase/script with prompt=False
2019-10-20 13:15:13,444 INFO - service - Matched hotkey phrase/script with prompt=False
2019-10-20 13:15:13,612 INFO - service - Matched hotkey phrase/script with prompt=False
2019-10-20 13:15:13,778 INFO - service - Matched hotkey phrase/script with prompt=False
2019-10-20 13:15:29,035 INFO - service - Matched hotkey phrase/script with prompt=False
2019-10-20 13:23:34,066 INFO - service - Matched hotkey phrase/script with prompt=False
2019-10-20 13:26:41,564 INFO - service - Matched hotkey phrase/script with prompt=False
2019-10-20 13:30:35,815 INFO - service - Matched hotkey phrase/script with prompt=False
2019-10-20 13:51:13,479 INFO - service - Matched hotkey phrase/script with prompt=False
2019-10-20 13:51:15,999 INFO - service - Matched hotkey phrase/script with prompt=False
2019-10-20 13:55:31,295 INFO - service - Matched hotkey phrase/script with prompt=False
